<tr>
<td>

<div class="content-wrapper">
<ac:structured-macro ac:macro-id="c03123e1-5274-430d-8897-ea5b5de32894" ac:name="status" ac:schema-version="1">
 <ac:parameter ac:name="colour">Green</ac:parameter>
 <ac:parameter ac:name="title">CONEXION EXITOSA</ac:parameter>
 </ac:structured-macro>

<p>TOTCNL</p>
</div></td>
<td>TOTIP</td>
<td>TOTPORT</td>
<td>
<div class="content-wrapper">
<ac:structured-macro ac:macro-id="a277927d-f459-4d1c-9ee3-fa21f03f6003" ac:name="code" ac:schema-version="1">
<ac:parameter ac:name="language">powershell</ac:parameter>
<ac:parameter ac:name="theme">Emacs</ac:parameter>
<ac:parameter ac:name="title">(/) 2024-03-01 12:34:01 10.139.2.74:30236</ac:parameter>
<ac:parameter ac:name="collapse">true</ac:parameter>
<ac:plain-text-body><![CDATA[
curl -v -m 2  10.139.2.74:30236 
  % Total    % Received % Xferd  Average Speed   Time    Time     Time  Current
                                 Dload  Upload   Total   Spent    Left  Speed
  0     0    0     0    0     0      0      0 --:--:-- --:--:-- --:--:--     0*   Trying 10.139.2.74:30236...
* Connected to 10.139.2.74 (10.139.2.74) port 30236 (#0)
> GET / HTTP/1.1
> Host: 10.139.2.74:30236
> User-Agent: curl/7.87.0
> Accept: */*
> 
  0     0    0     0    0     0      0      0 --:--:--  0:00:01 --:--:--     0* Operation timed out after 2004 milliseconds with 0 bytes received
  0     0    0     0    0     0      0      0 --:--:--  0:00:02 --:--:--     0
* Closing connection 0
curl: (28) Operation timed out after 2004 milliseconds with 0 bytes received

]]></ac:plain-text-body>
</ac:structured-macro>

</div>
</td>
</tr>
