curl -v -m 2  https://10.245.229.10:40013/web/services/AZ7_BAJA_CUENTATCService/AZ7_BAJA_CUENTATC?wsdl 
  % Total    % Received % Xferd  Average Speed   Time    Time     Time  Current
                                 Dload  Upload   Total   Spent    Left  Speed
  0     0    0     0    0     0      0      0 --:--:-- --:--:-- --:--:--     0*   Trying 10.245.229.10:40013...
* Connected to 10.245.229.10 (10.245.229.10) port 40013 (#0)
* ALPN: offers h2
* ALPN: offers http/1.1
*  CAfile: /etc/ssl/cert.pem
*  CApath: none
* [CONN-0-0][CF-SSL] (304) (OUT), TLS handshake, Client hello (1):
} [296 bytes data]
  0     0    0     0    0     0      0      0 --:--:-- --:--:-- --:--:--     0* [CONN-0-0][CF-SSL] (304) (IN), TLS handshake, Server hello (2):
{ [87 bytes data]
* [CONN-0-0][CF-SSL] TLSv1.2 (IN), TLS handshake, Certificate (11):
{ [2881 bytes data]
* [CONN-0-0][CF-SSL] TLSv1.2 (IN), TLS handshake, Server key exchange (12):
{ [333 bytes data]
* [CONN-0-0][CF-SSL] TLSv1.2 (IN), TLS handshake, Server finished (14):
{ [4 bytes data]
* [CONN-0-0][CF-SSL] TLSv1.2 (OUT), TLS handshake, Client key exchange (16):
} [70 bytes data]
* [CONN-0-0][CF-SSL] TLSv1.2 (OUT), TLS change cipher, Change cipher spec (1):
} [1 bytes data]
* [CONN-0-0][CF-SSL] TLSv1.2 (OUT), TLS handshake, Finished (20):
} [16 bytes data]
* [CONN-0-0][CF-SSL] TLSv1.2 (IN), TLS change cipher, Change cipher spec (1):
{ [1 bytes data]
* [CONN-0-0][CF-SSL] TLSv1.2 (IN), TLS handshake, Finished (20):
{ [16 bytes data]
* SSL connection using TLSv1.2 / ECDHE-RSA-AES128-GCM-SHA256
* ALPN: server did not agree on a protocol. Uses default.
* Server certificate:
*  subject: C=CL; ST=Metropolitana; L=Santiago; O=Admin. De Servicios Computac Y De Credito Cmr Falabella Ltda.; OU=SoporteSwitchAz7; CN=10.245.229.10
*  start date: Apr 12 18:59:03 2023 GMT
*  expire date: Apr 11 18:59:03 2025 GMT
*  common name: 10.245.229.10 (matched)
*  issuer: DC=com; DC=Falabella; CN=CA Falabella
*  SSL certificate verify ok.
> GET /web/services/AZ7_BAJA_CUENTATCService/AZ7_BAJA_CUENTATC?wsdl HTTP/1.1
> Host: 10.245.229.10:40013
> User-Agent: curl/7.87.0
> Accept: */*
> 
* Mark bundle as not supporting multiuse
< HTTP/1.1 200 OK
< Date: Thu, 19 Oct 2023 21:15:11 GMT
< Server: Apache
< X-Powered-By: IBM i
< Content-Length: 4446
< Connection: close
< Content-Type: text/xml; charset=UTF-8
< Content-Language: es-ES
< 
{ [4446 bytes data]
<?xml version="1.0" encoding="UTF-8"?><definitions xmlns:xsd="http://www.w3.org/2001/XMLSchema" xmlns:wsu="http://docs.oasis-open.org/wss/2004/01/oasis-200401-wss-wssecurity-utility-1.0.xsd" xmlns:wsp1_2="http://schemas.xmlsoap.org/ws/2004/09/policy" xmlns:wsp="http://www.w3.org/ns/ws-policy" xmlns:wsam="http://www.w3.org/2007/05/addressing/metadata" xmlns:tns="http://az7_baja_cuentatc.wsbeans.iseries/" xmlns:soap="http://schemas.xmlsoap.org/wsdl/soap/" xmlns="http://schemas.xmlsoap.org/wsdl/" name="AZ7_BAJA_CUENTATC" targetNamespace="http://az7_baja_cuentatc.wsbeans.iseries/">
  <types>
<xs:schema xmlns:xsd="http://www.w3.org/2001/XMLSchema" xmlns:xs="http://www.w3.org/2001/XMLSchema" xmlns:wsu="http://docs.oasis-open.org/wss/2004/01/oasis-200401-wss-wssecurity-utility-1.0.xsd" xmlns:wsp1_2="http://schemas.xmlsoap.org/ws/2004/09/policy" xmlns:wsp="http://www.w3.org/ns/ws-policy" xmlns:wsam="http://www.w3.org/2007/05/addressing/metadata" xmlns:tns="http://az7_baja_cuentatc.wsbeans.iseries/" xmlns:soap="http://schemas.xmlsoap.org/wsdl/soap/" xmlns="http://schemas.xmlsoap.org/wsdl/" targetNamespace="http://az7_baja_cuentatc.wsbeans.iseries/" version="1.0">

      
  <xs:element name="ffar0125" type="tns:ffar0125"></xs:element>

      
  <xs:element name="ffar0125Response" type="tns:ffar0125Response"></xs:element>

      
  <xs:complexType name="ffar0125">
        
    <xs:sequence>
          
      <xs:element name="arg0" type="tns:ffar0125Input"></xs:element>
        
    </xs:sequence>
      
  </xs:complexType>

      
  <xs:complexType name="ffar0125Input">
        
    <xs:sequence>
          
      <xs:element name="TIPOMENSAJE" type="xs:string"></xs:element>
          
      <xs:element name="TIPOSERVICIO" type="xs:string"></xs:element>
          
      <xs:element name="ENTIDAD" type="xs:string"></xs:element>
          
      <xs:element name="ORIGEN" type="xs:string"></xs:element>
          
      <xs:element name="FECHATRANSAC" type="xs:string"></xs:element>
          
      <xs:element name="HORATRANSAC" type="xs:string"></xs:element>
          
      <xs:element name="REFERENCIA" type="xs:string"></xs:element>
          
      <xs:element name="TARJETA" type="xs:string"></xs:element>
          
      <xs:element name="TIPDOC" type="xs:string"></xs:element>
          
      <xs:element name="NRODOC" type="xs:string"></xs:element>
          
      <xs:element name="CUENTA" type="xs:string"></xs:element>
        
    </xs:sequence>
      
  </xs:complexType>

      
  <xs:complexType name="ffar0125Response">
        
    <xs:sequence>
          
      <xs:element name="return" type="tns:ffar0125Result"></xs:element>
        
    </xs:sequence>
      
  </xs:complexType>

      
  <xs:complexType name="ffar0125Result">
        
    <xs:sequence>
          
      <xs:element name="CODIGORTA" type="xs:string"></xs:element>
          
      <xs:element name="AUTORIZACION" type="xs:string"></xs:element>
        
    </xs:sequence>
      
  </xs:complexType>

</xs:schema>
  </types>
  <message name="ffar0125">
    <part element="tns:ffar0125" name="parameters">
    </part>
  </message>
  <message name="ffar0125Response">
    <part element="tns:ffar0125Response" name="parameters">
    </part>
  </message>
  <portType name="AZ7_BAJA_CUENTATCServices">
    <operation name="ffar0125">
      <input message="tns:ffar0125" wsam:Action="http://az7_baja_cuentatc.wsbeans.iseries/AZ7_BAJA_CUENTATCServices/ffar0125Request">
    </input>
      <output message="tns:ffar0125Response" wsam:Action="http://az7_baja_cuentatc.wsbeans.iseries/AZ7_BAJA_CUENTATCServices/ffar0125Response">
    </output>
    </operation>
  </portType>
  <binding name="AZ7_BAJA_CUENTATCServicesPortBinding" type="tns:AZ7_BAJA_CUENTATCServices">
    <soap:binding style="document" transport="http://schemas.xmlsoap.org/soap/http"></soap:binding>
    <operation name="ffar0125">
      <soap:operation soapAction=""></soap:operation>
      <input>
        <soap:body use="literal"></soap:body>
      </input>
      <output>
        <soap:body use="literal"></soap:body>
  100  4446  100  4446    0     0  10437      0 --:--:-- --:--:-- --:--:-- 10560
* Closing connection 0
* [CONN-0-0][CF-SSL] TLSv1.2 (OUT), TLS alert, close notify (256):
} [2 bytes data]
    </output>
    </operation>
  </binding>
  <service name="AZ7_BAJA_CUENTATC">
    <port binding="tns:AZ7_BAJA_CUENTATCServicesPortBinding" name="AZ7_BAJA_CUENTATCServicesPort">
      <soap:address location="https://10.245.229.10:40013/web/services/AZ7_BAJA_CUENTATCService/AZ7_BAJA_CUENTATC"></soap:address>
    </port>
  </service>
</definitions>