curl -v -m 2  https://10.245.229.10:40013/web/services/AZ7_UPGRADE_TDService/AZ7_UPGRADE_TD?wsdl 
  % Total    % Received % Xferd  Average Speed   Time    Time     Time  Current
                                 Dload  Upload   Total   Spent    Left  Speed
  0     0    0     0    0     0      0      0 --:--:-- --:--:-- --:--:--     0*   Trying 10.245.229.10:40013...
* Connected to 10.245.229.10 (10.245.229.10) port 40013 (#0)
* ALPN: offers h2
* ALPN: offers http/1.1
*  CAfile: /etc/ssl/cert.pem
*  CApath: none
* [CONN-0-0][CF-SSL] (304) (OUT), TLS handshake, Client hello (1):
} [296 bytes data]
* [CONN-0-0][CF-SSL] (304) (IN), TLS handshake, Server hello (2):
{ [87 bytes data]
* [CONN-0-0][CF-SSL] TLSv1.2 (IN), TLS handshake, Certificate (11):
{ [2881 bytes data]
* [CONN-0-0][CF-SSL] TLSv1.2 (IN), TLS handshake, Server key exchange (12):
{ [333 bytes data]
* [CONN-0-0][CF-SSL] TLSv1.2 (IN), TLS handshake, Server finished (14):
{ [4 bytes data]
* [CONN-0-0][CF-SSL] TLSv1.2 (OUT), TLS handshake, Client key exchange (16):
} [70 bytes data]
* [CONN-0-0][CF-SSL] TLSv1.2 (OUT), TLS change cipher, Change cipher spec (1):
} [1 bytes data]
* [CONN-0-0][CF-SSL] TLSv1.2 (OUT), TLS handshake, Finished (20):
} [16 bytes data]
* [CONN-0-0][CF-SSL] TLSv1.2 (IN), TLS change cipher, Change cipher spec (1):
{ [1 bytes data]
* [CONN-0-0][CF-SSL] TLSv1.2 (IN), TLS handshake, Finished (20):
{ [16 bytes data]
* SSL connection using TLSv1.2 / ECDHE-RSA-AES128-GCM-SHA256
* ALPN: server did not agree on a protocol. Uses default.
* Server certificate:
*  subject: C=CL; ST=Metropolitana; L=Santiago; O=Admin. De Servicios Computac Y De Credito Cmr Falabella Ltda.; OU=SoporteSwitchAz7; CN=10.245.229.10
*  start date: Apr 12 18:59:03 2023 GMT
*  expire date: Apr 11 18:59:03 2025 GMT
*  common name: 10.245.229.10 (matched)
*  issuer: DC=com; DC=Falabella; CN=CA Falabella
*  SSL certificate verify ok.
> GET /web/services/AZ7_UPGRADE_TDService/AZ7_UPGRADE_TD?wsdl HTTP/1.1
> Host: 10.245.229.10:40013
> User-Agent: curl/7.87.0
> Accept: */*
> 
* Mark bundle as not supporting multiuse
< HTTP/1.1 200 OK
< Date: Thu, 19 Oct 2023 21:15:27 GMT
< Server: Apache
< X-Powered-By: IBM i
< Content-Length: 15566
< Connection: close
< Content-Type: text/xml; charset=UTF-8
< Content-Language: es-ES
< 
{ [15566 bytes data]
<?xml version="1.0" encoding="UTF-8"?><definitions xmlns:xsd="http://www.w3.org/2001/XMLSchema" xmlns:wsu="http://docs.oasis-open.org/wss/2004/01/oasis-200401-wss-wssecurity-utility-1.0.xsd" xmlns:wsp1_2="http://schemas.xmlsoap.org/ws/2004/09/policy" xmlns:wsp="http://www.w3.org/ns/ws-policy" xmlns:wsam="http://www.w3.org/2007/05/addressing/metadata" xmlns:tns="http://az7_upgrade_td.wsbeans.iseries/" xmlns:soap12="http://schemas.xmlsoap.org/wsdl/soap12/" xmlns="http://schemas.xmlsoap.org/wsdl/" name="AZ7_UPGRADE_TD" targetNamespace="http://az7_upgrade_td.wsbeans.iseries/">
  <types>
<xs:schema xmlns:xsd="http://www.w3.org/2001/XMLSchema" xmlns:xs="http://www.w3.org/2001/XMLSchema" xmlns:wsu="http://docs.oasis-open.org/wss/2004/01/oasis-200401-wss-wssecurity-utility-1.0.xsd" xmlns:wsp1_2="http://schemas.xmlsoap.org/ws/2004/09/policy" xmlns:wsp="http://www.w3.org/ns/ws-policy" xmlns:wsam="http://www.w3.org/2007/05/addressing/metadata" xmlns:tns="http://az7_upgrade_td.wsbeans.iseries/" xmlns:soap12="http://schemas.xmlsoap.org/wsdl/soap12/" xmlns="http://schemas.xmlsoap.org/wsdl/" targetNamespace="http://az7_upgrade_td.wsbeans.iseries/" version="1.0">

      
  <xs:element name="pgmact" type="tns:pgmact"></xs:element>

      
  <xs:element name="pgmactResponse" type="tns:pgmactResponse"></xs:element>

      
  <xs:complexType name="pgmact">
        
    <xs:sequence>
          
      <xs:element minOccurs="0" name="arg0" type="tns:pgmactInput"></xs:element>
        
    </xs:sequence>
      
  </xs:complexType>

      
  <xs:complexType name="pgmactInput">
        
    <xs:sequence>
          
      <xs:element minOccurs="0" name="APEHORA" type="xs:string"></xs:element>
          
      <xs:element minOccurs="0" name="APENUMAUTO" type="xs:string"></xs:element>
          
      <xs:element minOccurs="0" name="APEORIGEN" type="xs:string"></xs:element>
          
      <xs:element minOccurs="0" name="APETIPOMSG" type="xs:string"></xs:element>
          
      <xs:element minOccurs="0" name="APETIPOSRV" type="xs:string"></xs:element>
          
      <xs:element minOccurs="0" name="BRANCH" type="xs:string"></xs:element>
          
      <xs:element minOccurs="0" name="CANAL" type="xs:string"></xs:element>
          
      <xs:element minOccurs="0" name="CENTALTA" type="xs:string"></xs:element>
          
      <xs:element minOccurs="0" name="CODENT" type="xs:string"></xs:element>
          
      <xs:element minOccurs="0" name="CODPRODNTARJ" type="xs:string"></xs:element>
          
      <xs:element minOccurs="0" name="CODSPRONTARJ" type="xs:string"></xs:element>
          
      <xs:element minOccurs="0" name="CUENTA" type="xs:string"></xs:element>
          
      <xs:element minOccurs="0" name="ESTADO_PAN1" type="xs:string"></xs:element>
          
      <xs:element minOccurs="0" name="ESTADO_PAN2" type="xs:string"></xs:element>
          
      <xs:element minOccurs="0" name="ESTADO_PAN3" type="xs:string"></xs:element>
          
      <xs:element minOccurs="0" name="ESTADO_PAN4" type="xs:string"></xs:element>
          
      <xs:element minOccurs="0" name="ESTADO_PAN5" type="xs:string"></xs:element>
          
      <xs:element minOccurs="0" name="ESTADO_PAN6" type="xs:string"></xs:element>
          
      <xs:element minOccurs="0" name="ESTADO_PAN7" type="xs:string"></xs:element>
          
      <xs:element minOccurs="0" name="EXECUTIVEBRN" type="xs:string"></xs:element>
          
      <xs:element minOccurs="0" name="EXECUTIVEID" type="xs:string"></xs:element>
          
      <xs:element minOccurs="0" name="FECCADUCIDA1" type="xs:string"></xs:element>
          
      <xs:element minOccurs="0" name="FECCADUCIDA2" type="xs:string"></xs:element>
          
      <xs:element minOccurs="0" name="FECCADUCIDA3" type="xs:string"></xs:element>
          
      <xs:element minOccurs="0" name="FECCADUCIDA4" type="xs:string"></xs:element>
          
      <xs:element minOccurs="0" name="FECCADUCIDA5" type="xs:string"></xs:element>
          
      <xs:element minOccurs="0" name="FECCADUCIDA6" type="xs:string"></xs:element>
          
      <xs:element minOccurs="0" name="FECCADUCIDA7" type="xs:string"></xs:element>
          
      <xs:element minOccurs="0" name="INDACCION" type="xs:string"></xs:element>
          
      <xs:element minOccurs="0" name="IP" type="xs:string"></xs:element>
          
      <xs:element minOccurs="0" name="MARCANTARJ" type="xs:string"></xs:element>
          
      <xs:element minOccurs="0" name="NEWSTAT" type="xs:string"></xs:element>
          
      <xs:element minOccurs="0" name="NUEVOPAN1" type="xs:string"></xs:element>
          
      <xs:element minOccurs="0" name="NUEVOPAN2" type="xs:string"></xs:element>
          
      <xs:element minOccurs="0" name="NUEVOPAN3" type="xs:string"></xs:element>
          
      <xs:element minOccurs="0" name="NUEVOPAN4" type="xs:string"></xs:element>
          
      <xs:element minOccurs="0" name="NUEVOPAN5" type="xs:string"></xs:element>
          
      <xs:element minOccurs="0" name="NUEVOPAN6" type="xs:string"></xs:element>
          
      <xs:element minOccurs="0" name="NUEVOPAN7" type="xs:string"></xs:element>
          
      <xs:element minOccurs="0" name="PANANTERIOR1" type="xs:string"></xs:element>
          
      <xs:element minOccurs="0" name="PANANTERIOR2" type="xs:string"></xs:element>
          
      <xs:element minOccurs="0" name="PANANTERIOR3" type="xs:string"></xs:element>
          
      <xs:element minOccurs="0" name="PANANTERIOR4" type="xs:string"></xs:element>
          
      <xs:element minOccurs="0" name="PANANTERIOR5" type="xs:string"></xs:element>
          
      <xs:element minOccurs="0" name="PANANTERIOR6" type="xs:string"></xs:element>
          
      <xs:element minOccurs="0" name="PANANTERIOR7" type="xs:string"></xs:element>
          
      <xs:element minOccurs="0" name="REASONCD" type="xs:string"></xs:element>
          
      <xs:element minOccurs="0" name="SESSIONID" type="xs:string"></xs:element>
          
      <xs:element minOccurs="0" name="TIPONTARJ" type="xs:string"></xs:element>
        
    </xs:sequence>
      
  </xs:complexType>

      
  <xs:complexType name="pgmactResponse">
        
    <xs:sequence>
          
      <xs:element minOccurs="0" name="return" type="tns:pgmactResult"></xs:element>
        
    </xs:sequence>
      
  </xs:complexType>

      
  <xs:complexType name="pgmactResult">
        
    <xs:sequence>
          
      <xs:element minOccurs="0" name="APENUMAUTO" type="xs:string"></xs:element>
          
      <xs:element minOccurs="0" name="CODBLQ1" type="xs:string"></xs:element>
          
      <xs:element minOccurs="0" name="CODBLQ2" type="xs:string"></xs:element>
          
      <xs:element minOccurs="0" name="CODBLQ3" type="xs:string"></xs:element>
          
      <xs:element minOccurs="0" name="CODBLQ4" type="xs:string"></xs:element>
          
      <xs:element minOccurs="0" name="CODBLQ5" type="xs:string"></xs:element>
          
      <xs:element minOccurs="0" name="CODBLQ6" type="xs:string"></xs:element>
          
      <xs:element minOccurs="0" name="CODBLQ7" type="xs:string"></xs:element>
          
      <xs:element minOccurs="0" name="DESBLQ1" type="xs:string"></xs:element>
          
      <xs:element minOccurs="0" name="DESBLQ2" type="xs:string"></xs:element>
          
      <xs:element minOccurs="0" name="DESBLQ3" type="xs:string"></xs:element>
          
      <xs:element minOccurs="0" name="DESBLQ4" type="xs:string"></xs:element>
          
      <xs:element minOccurs="0" name="DESBLQ5" type="xs:string"></xs:element>
          
      <xs:element minOccurs="0" name="DESBLQ6" type="xs:string"></xs:element>
          
      <xs:element minOccurs="0" name="DESBLQ7" type="xs:string"></xs:element>
          
      <xs:element minOccurs="0" name="DESRESUP1" type="xs:string"></xs:element>
          
      <xs:element minOccurs="0" name="DESRESUP2" type="xs:string"></xs:element>
          
      <xs:element minOccurs="0" name="DESRESUP3" type="xs:string"></xs:element>
          
      <xs:element minOccurs="0" name="DESRESUP4" type="xs:string"></xs:element>
          
      <xs:element minOccurs="0" name="DESRESUP5" type="xs:string"></xs:element>
          
      <xs:element minOccurs="0" name="DESRESUP6" type="xs:string"></xs:element>
          
      <xs:element minOccurs="0" name="DESRESUP7" type="xs:string"></xs:element>
          
      <xs:element minOccurs="0" name="DESSITTAR1" type="xs:string"></xs:element>
          
      <xs:element minOccurs="0" name="DESSITTAR2" type="xs:string"></xs:element>
          
      <xs:element minOccurs="0" name="DESSITTAR3" type="xs:string"></xs:element>
          
      <xs:element minOccurs="0" name="DESSITTAR4" type="xs:string"></xs:element>
          
      <xs:element minOccurs="0" name="DESSITTAR5" type="xs:string"></xs:element>
          
      <xs:element minOccurs="0" name="DESSITTAR6" type="xs:string"></xs:element>
          
      <xs:element minOccurs="0" name="DESSITTAR7" type="xs:string"></xs:element>
          
      <xs:element minOccurs="0" name="FECALTA1" type="xs:string"></xs:element>
          
      <xs:element minOccurs="0" name="FECALTA2" type="xs:string"></xs:element>
          
      <xs:element minOccurs="0" name="FECALTA3" type="xs:string"></xs:element>
          
      <xs:element minOccurs="0" name="FECALTA4" type="xs:string"></xs:element>
          
      <xs:element minOccurs="0" name="FECALTA5" type="xs:string"></xs:element>
          
      <xs:element minOccurs="0" name="FECALTA6" type="xs:string"></xs:element>
          
      <xs:element minOccurs="0" name="FECALTA7" type="xs:string"></xs:element>
          
      <xs:element minOccurs="0" name="FECBLOQ1" type="xs:string"></xs:element>
          
      <xs:element minOccurs="0" name="FECBLOQ2" type="xs:string"></xs:element>
          
      <xs:element minOccurs="0" name="FECBLOQ3" type="xs:string"></xs:element>
          
      <xs:element minOccurs="0" name="FECBLOQ4" type="xs:string"></xs:element>
          
      <xs:element minOccurs="0" name="FECBLOQ5" type="xs:string"></xs:element>
          
      <xs:element minOccurs="0" name="FECBLOQ6" type="xs:string"></xs:element>
          
      <xs:element minOccurs="0" name="FECBLOQ7" type="xs:string"></xs:element>
          
      <xs:element minOccurs="0" name="INDSSITTAR1" type="xs:string"></xs:element>
          
      <xs:element minOccurs="0" name="INDSSITTAR2" type="xs:string"></xs:element>
          
      <xs:element minOccurs="0" name="INDSSITTAR3" type="xs:string"></xs:element>
          
      <xs:element minOccurs="0" name="INDSSITTAR4" type="xs:string"></xs:element>
          
      <xs:element minOccurs="0" name="INDSSITTAR5" type="xs:string"></xs:element>
          
      <xs:element minOccurs="0" name="INDSSITTAR6" type="xs:string"></xs:element>
          
      <xs:element minOccurs="0" name="INDSSITTAR7" type="xs:string"></xs:element>
          
      <xs:element minOccurs="0" name="NUMBENCTA1" type="xs:string"></xs:element>
          
      <xs:element minOccurs="0" name="NUMBENCTA2" type="xs:string"></xs:element>
          
      <xs:element minOccurs="0" name="NUMBENCTA3" type="xs:string"></xs:element>
          
      <xs:element minOccurs="0" name="NUMBENCTA4" type="xs:string"></xs:element>
          
      <xs:element minOccurs="0" name="NUMBENCTA5" type="xs:string"></xs:element>
          
      <xs:element minOccurs="0" name="NUMBENCTA6" type="xs:string"></xs:element>
          
      <xs:element minOccurs="0" name="NUMBENCTA7" type="xs:string"></xs:element>
          
      <xs:element minOccurs="0" name="NUMPLASTICO1" type="xs:string"></xs:element>
          
      <xs:element minOccurs="0" name="NUMPLASTICO2" type="xs:string"></xs:element>
          
      <xs:element minOccurs="0" name="NUMPLASTICO3" type="xs:string"></xs:element>
          
      <xs:element minOccurs="0" name="NUMPLASTICO4" type="xs:string"></xs:element>
          
      <xs:element minOccurs="0" name="NUMPLASTICO5" type="xs:string"></xs:element>
          
      <xs:element minOccurs="0" name="NUMPLASTICO6" type="xs:string"></xs:element>
          
      <xs:element minOccurs="0" name="NUMPLASTICO7" type="xs:string"></xs:100 15566  100 15566    0     0  35353      0 --:--:-- --:--:-- --:--:-- 35866
* Closing connection 0
* [CONN-0-0][CF-SSL] TLSv1.2 (OUT), TLS alert, close notify (256):
} [2 bytes data]
element>
          
      <xs:element minOccurs="0" name="PVV1" type="xs:string"></xs:element>
          
      <xs:element minOccurs="0" name="PVV2" type="xs:string"></xs:element>
          
      <xs:element minOccurs="0" name="PVV3" type="xs:string"></xs:element>
          
      <xs:element minOccurs="0" name="PVV4" type="xs:string"></xs:element>
          
      <xs:element minOccurs="0" name="PVV5" type="xs:string"></xs:element>
          
      <xs:element minOccurs="0" name="PVV6" type="xs:string"></xs:element>
          
      <xs:element minOccurs="0" name="PVV7" type="xs:string"></xs:element>
          
      <xs:element minOccurs="0" name="RESGENUP1" type="xs:string"></xs:element>
          
      <xs:element minOccurs="0" name="RESGENUP2" type="xs:string"></xs:element>
          
      <xs:element minOccurs="0" name="RESGENUP3" type="xs:string"></xs:element>
          
      <xs:element minOccurs="0" name="RESGENUP4" type="xs:string"></xs:element>
          
      <xs:element minOccurs="0" name="RESGENUP5" type="xs:string"></xs:element>
          
      <xs:element minOccurs="0" name="RESGENUP6" type="xs:string"></xs:element>
          
      <xs:element minOccurs="0" name="RESGENUP7" type="xs:string"></xs:element>
          
      <xs:element minOccurs="0" name="VENCTARJ1" type="xs:string"></xs:element>
          
      <xs:element minOccurs="0" name="VENCTARJ2" type="xs:string"></xs:element>
          
      <xs:element minOccurs="0" name="VENCTARJ3" type="xs:string"></xs:element>
          
      <xs:element minOccurs="0" name="VENCTARJ4" type="xs:string"></xs:element>
          
      <xs:element minOccurs="0" name="VENCTARJ5" type="xs:string"></xs:element>
          
      <xs:element minOccurs="0" name="VENCTARJ6" type="xs:string"></xs:element>
          
      <xs:element minOccurs="0" name="VENCTARJ7" type="xs:string"></xs:element>
        
    </xs:sequence>
      
  </xs:complexType>

</xs:schema>
  </types>
  <message name="pgmactResponse">
    <part element="tns:pgmactResponse" name="parameters">
    </part>
  </message>
  <message name="pgmact">
    <part element="tns:pgmact" name="parameters">
    </part>
  </message>
  <portType name="AZ7_UPGRADE_TDServices">
    <operation name="pgmact">
      <input message="tns:pgmact" wsam:Action="http://az7_upgrade_td.wsbeans.iseries/AZ7_UPGRADE_TDServices/pgmactRequest">
    </input>
      <output message="tns:pgmactResponse" wsam:Action="http://az7_upgrade_td.wsbeans.iseries/AZ7_UPGRADE_TDServices/pgmactResponse">
    </output>
    </operation>
  </portType>
  <binding name="AZ7_UPGRADE_TDServicesPortBinding" type="tns:AZ7_UPGRADE_TDServices">
    <soap12:binding style="document" transport="http://schemas.xmlsoap.org/soap/http"></soap12:binding>
    <operation name="pgmact">
      <input>
        <soap12:body use="literal"></soap12:body>
      </input>
      <output>
        <soap12:body use="literal"></soap12:body>
      </output>
    </operation>
  </binding>
  <service name="AZ7_UPGRADE_TD">
    <port binding="tns:AZ7_UPGRADE_TDServicesPortBinding" name="AZ7_UPGRADE_TDServicesPort">
      <soap12:address location="https://10.245.229.10:40013/web/services/AZ7_UPGRADE_TDService/AZ7_UPGRADE_TD"></soap12:address>
    </port>
  </service>
</definitions>