curl -v -m 2  10.140.0.215:80 
  % Total    % Received % Xferd  Average Speed   Time    Time     Time  Current
                                 Dload  Upload   Total   Spent    Left  Speed
  0     0    0     0    0     0      0      0 --:--:-- --:--:-- --:--:--     0*   Trying 10.140.0.215:80...
* Connected to 10.140.0.215 (10.140.0.215) port 80 (#0)
> GET / HTTP/1.1
> Host: 10.140.0.215
> User-Agent: curl/7.87.0
> Accept: */*
> 
  0     0    0     0    0     0      0      0 --:--:-- --:--:-- --:--:--     0* Mark bundle as not supporting multiuse
< HTTP/1.1 200 OK
< Date: Fri, 12 Jan 2024 06:00:18 GMT
< Server: Apache
< Last-Modified: Fri, 05 Jun 2020 00:24:25 GMT
< ETag: "5c8-5a74b488ae040"
< Accept-Ranges: bytes
< Transfer-Encoding: chunked
< Content-Type: text/html; charset=UTF-8
< 
{ [762 bytes data]
100   750    0   750    0     0   1442      0 --:--:-- --:--:-- --:--:--  1456
* Connection #0 to host 10.140.0.215 left intact
<html>
<head>
<title>Página de ejemplo para el servidor</title>
</head>

<!-- Background white, links blue (unvisited), navy (visited), red (active) -->
<body bgcolor='#ffffff' text='#000000' link='#0000ff' vlink='#000080' alink='#ff0000'>

<center><h1>Esta es la página inicial de ejemplo del servidor HTTP SER_PRV.</h1></center>
<p>Para obtener información sobre cómo cambiar esta página o servir páginas adicionales utilizando SER_PRV, consulte <a href='http://publib.boulder.ibm.com/eserver/ibmi.html'>Information Center</a>.</p>
<p>Para obtener más detalles, consulte la lista de documentación disponible en la <a href='http://www-03.ibm.com/systems/i/software/http/'>página de documentación del servidor HTTP</a>.</p>
</body>
</html>
