<tr>
<td>

<div class="content-wrapper">
<ac:structured-macro ac:macro-id="c03123e1-5274-430d-8897-ea5b5de32894" ac:name="status" ac:schema-version="1">
 <ac:parameter ac:name="colour">Red</ac:parameter>
 <ac:parameter ac:name="title">CONEXION FALLIDA</ac:parameter>
 </ac:structured-macro>

<p>OMNCNL</p>
</div></td>
<td>OMNIP</td>
<td>OMNPORT</td>
<td>
<div class="content-wrapper">
<ac:structured-macro ac:macro-id="a277927d-f459-4d1c-9ee3-fa21f03f6003" ac:name="code" ac:schema-version="1">
<ac:parameter ac:name="language">powershell</ac:parameter>
<ac:parameter ac:name="theme">Emacs</ac:parameter>
<ac:parameter ac:name="title">(/) 2024-03-06 23:30:32 10.139.2.10:40004</ac:parameter>
<ac:parameter ac:name="collapse">true</ac:parameter>
<ac:plain-text-body><![CDATA[
curl -v -m 2  10.139.2.10:40004 
  % Total    % Received % Xferd  Average Speed   Time    Time     Time  Current
                                 Dload  Upload   Total   Spent    Left  Speed
  0     0    0     0    0     0      0      0 --:--:-- --:--:-- --:--:--     0*
   Trying 10.139.2.10:40004...
* Connected to 10.139.2.10 (10.139.2.10) port 40004 (#0)
> GET / HTTP/1.1
> Host: 10.139.2.10:40004
> User-Agent: curl/7.87.0
> Accept: */*
> 
* Empty reply from server
  0     0    0     0    0     0      0      0 --:--:-- --:--:-- --:--:--     0
* Closing connection 0
curl: (52) Empty reply from server

]]></ac:plain-text-body>
</ac:structured-macro>
<ac:structured-macro ac:macro-id="a277927d-f459-4d1c-9ee3-fa21f03f6003" ac:name="code" ac:schema-version="1">
<ac:parameter ac:name="language">powershell</ac:parameter>
<ac:parameter ac:name="theme">Emacs</ac:parameter>
<ac:parameter ac:name="title">(/) 2024-03-06 23:30:32 10.139.2.10:40004</ac:parameter>
<ac:parameter ac:name="collapse">true</ac:parameter>
<ac:plain-text-body><![CDATA[
curl -v -m 2  10.139.2.10:40004 
  % Total    % Received % Xferd  Average Speed   Time    Time     Time  Current
                                 Dload  Upload   Total   Spent    Left  Speed
  0     0    0     0    0     0      0      0 --:--:-- --:--:-- --:--:--     0*
   Trying 10.139.2.10:40004...
* Connected to 10.139.2.10 (10.139.2.10) port 40004 (#0)
> GET / HTTP/1.1
> Host: 10.139.2.10:40004
> User-Agent: curl/7.87.0
> Accept: */*
> 
* Empty reply from server
  0     0    0     0    0     0      0      0 --:--:-- --:--:-- --:--:--     0
* Closing connection 0
curl: (52) Empty reply from server

]]></ac:plain-text-body>
</ac:structured-macro>
<ac:structured-macro ac:macro-id="a277927d-f459-4d1c-9ee3-fa21f03f6003" ac:name="code" ac:schema-version="1">
<ac:parameter ac:name="language">powershell</ac:parameter>
<ac:parameter ac:name="theme">Emacs</ac:parameter>
<ac:parameter ac:name="title">(x) 2024-03-06 23:30:32 10.139.2.80:41666</ac:parameter>
<ac:parameter ac:name="collapse">true</ac:parameter>
<ac:plain-text-body><![CDATA[
curl -v -m 2  10.139.2.80:41666 
  % Total    % Received % Xferd  Average Speed   Time    Time     Time  Current
                                 Dload  Upload   Total   Spent    Left  Speed
  0     0    0     0    0     0      0      0 --:--:-- --:--:-- --:--:--     0*
   Trying 10.139.2.80:41666...
  0     0    0     0    0     0      0      0 --:--:--  0:00:01 --:--:--     0*
 Connection timed out after 2004 milliseconds
  0     0    0     0    0     0      0      0 --:--:--  0:00:02 --:--:--     0
* Closing connection 0
curl: (28) Connection timed out after 2004 milliseconds

]]></ac:plain-text-body>
</ac:structured-macro>
<ac:structured-macro ac:macro-id="a277927d-f459-4d1c-9ee3-fa21f03f6003" ac:name="code" ac:schema-version="1">
<ac:parameter ac:name="language">powershell</ac:parameter>
<ac:parameter ac:name="theme">Emacs</ac:parameter>
<ac:parameter ac:name="title">(x) 2024-03-06 23:30:32 10.139.2.80:41666</ac:parameter>
<ac:parameter ac:name="collapse">true</ac:parameter>
<ac:plain-text-body><![CDATA[
curl -v -m 2  10.139.2.80:41666 
  % Total    % Received % Xferd  Average Speed   Time    Time     Time  Current
                                 Dload  Upload   Total   Spent    Left  Speed
  0     0    0     0    0     0      0      0 --:--:-- --:--:-- --:--:--     0*
   Trying 10.139.2.80:41666...
  0     0    0     0    0     0      0      0 --:--:--  0:00:01 --:--:--     0*
 Connection timed out after 2003 milliseconds
  0     0    0     0    0     0      0      0 --:--:--  0:00:02 --:--:--     0
* Closing connection 0
curl: (28) Connection timed out after 2003 milliseconds

]]></ac:plain-text-body>
</ac:structured-macro>

</div>
</td>
</tr>
